-------------------------------------------------------------------------------
Test set: com.mybatisplustest.newcompany.NewCompanyApplicationTests
-------------------------------------------------------------------------------
Tests run: 1, Failures: 0, Errors: 1, Skipped: 0, Time elapsed: 0.148 s <<< FAILURE! - in com.mybatisplustest.newcompany.NewCompanyApplicationTests
com.mybatisplustest.newcompany.NewCompanyApplicationTests  Time elapsed: 0.147 s  <<< ERROR!
java.lang.IllegalStateException: Unable to find a @SpringBootConfiguration, you need to use @ContextConfiguration or @SpringBootTest(classes=...) with your test

